<?xml version="1.0" encoding="UTF-8"?>
<!-- Generated by org.testng.reporters.JUnitReportReporter -->
<testsuite hostname="Nishu" failures="0" tests="1" name="testCases.TC_001_AccountRegisterationTest" time="6.523" errors="0" timestamp="2024-06-09T18:06:04 IST" skipped="0">
  <testcase classname="testCases.TC_001_AccountRegisterationTest" name="verify_account_registration" time="6.523"/>
</testsuite> <!-- testCases.TC_001_AccountRegisterationTest -->
