<?xml version="1.0" encoding="UTF-8"?>
<!-- Generated by org.testng.reporters.JUnitReportReporter -->
<testsuite hostname="Nishu" failures="0" tests="1" name="testCases.TC_002_LoginTest" time="2.126" errors="0" timestamp="2024-06-25T14:33:33 IST" skipped="0">
  <testcase classname="testCases.TC_002_LoginTest" name="verify_login" time="2.126"/>
</testsuite> <!-- testCases.TC_002_LoginTest -->
